0 info it worked if it ends with ok
1 verbose cli [ 'C:\\Program Files\\nodejs\\node.exe',
1 verbose cli   'C:\\Users\\IBM_ADMIN\\AppData\\Roaming\\npm\\node_modules\\npm\\bin\\npm-cli.js',
1 verbose cli   'i' ]
2 info using npm@3.9.2
3 info using node@v4.4.5
4 silly loadCurrentTree Starting
5 silly install loadCurrentTree
6 silly install readLocalPackageData
7 silly install normalizeTree
8 silly loadCurrentTree Finishing
9 silly loadIdealTree Starting
10 silly install loadIdealTree
11 silly cloneCurrentTree Starting
12 silly install cloneCurrentTreeToIdealTree
13 silly cloneCurrentTree Finishing
14 silly loadShrinkwrap Starting
15 silly install loadShrinkwrap
16 silly loadShrinkwrap Finishing
17 silly loadAllDepsIntoIdealTree Starting
18 silly install loadAllDepsIntoIdealTree
19 silly fetchNamedPackageData quickthumb
20 silly mapToRegistry name quickthumb
21 silly mapToRegistry using default registry
22 silly mapToRegistry registry https://registry.npmjs.org/
23 silly mapToRegistry data Result {
23 silly mapToRegistry   raw: 'quickthumb',
23 silly mapToRegistry   scope: null,
23 silly mapToRegistry   name: 'quickthumb',
23 silly mapToRegistry   rawSpec: '',
23 silly mapToRegistry   spec: 'latest',
23 silly mapToRegistry   type: 'tag' }
24 silly mapToRegistry uri https://registry.npmjs.org/quickthumb
25 verbose request uri https://registry.npmjs.org/quickthumb
26 verbose request no auth needed
27 info attempt registry request try #1 at 1:28:32 PM
28 verbose request id 158c56e6d962377b
29 verbose etag "DOG3FBWGEYKQ27OWGO99MSXMK"
30 http request GET https://registry.npmjs.org/quickthumb
31 http 304 https://registry.npmjs.org/quickthumb
32 verbose headers { date: 'Tue, 20 Sep 2016 05:28:33 GMT',
32 verbose headers   via: '1.1 varnish',
32 verbose headers   'cache-control': 'max-age=300',
32 verbose headers   etag: '"DOG3FBWGEYKQ27OWGO99MSXMK"',
32 verbose headers   age: '0',
32 verbose headers   connection: 'keep-alive',
32 verbose headers   'x-served-by': 'cache-sin6922-SIN',
32 verbose headers   'x-cache': 'MISS',
32 verbose headers   'x-cache-hits': '0',
32 verbose headers   'x-timer': 'S1474349313.916587,VS0,VE294',
32 verbose headers   vary: 'Accept-Encoding' }
33 silly get cb [ 304,
33 silly get   { date: 'Tue, 20 Sep 2016 05:28:33 GMT',
33 silly get     via: '1.1 varnish',
33 silly get     'cache-control': 'max-age=300',
33 silly get     etag: '"DOG3FBWGEYKQ27OWGO99MSXMK"',
33 silly get     age: '0',
33 silly get     connection: 'keep-alive',
33 silly get     'x-served-by': 'cache-sin6922-SIN',
33 silly get     'x-cache': 'MISS',
33 silly get     'x-cache-hits': '0',
33 silly get     'x-timer': 'S1474349313.916587,VS0,VE294',
33 silly get     vary: 'Accept-Encoding' } ]
34 verbose etag https://registry.npmjs.org/quickthumb from cache
35 verbose get saving quickthumb to C:\Users\IBM_ADMIN\AppData\Roaming\npm-cache\registry.npmjs.org\quickthumb\.cache.json
36 verbose correctMkdir C:\Users\IBM_ADMIN\AppData\Roaming\npm-cache correctMkdir not in flight; initializing
37 silly resolveWithNewModule quickthumb@0.0.12 checking installable status
38 silly cache add args [ 'quickthumb@*', null ]
39 verbose cache add spec quickthumb@*
40 silly cache add parsed spec Result {
40 silly cache add   raw: 'quickthumb@*',
40 silly cache add   scope: null,
40 silly cache add   name: 'quickthumb',
40 silly cache add   rawSpec: '*',
40 silly cache add   spec: '*',
40 silly cache add   type: 'range' }
41 silly addNamed quickthumb@*
42 verbose addNamed "*" is a valid semver range for quickthumb
43 silly addNameRange { name: 'quickthumb', range: '*', hasData: false }
44 silly mapToRegistry name quickthumb
45 silly mapToRegistry using default registry
46 silly mapToRegistry registry https://registry.npmjs.org/
47 silly mapToRegistry data Result {
47 silly mapToRegistry   raw: 'quickthumb',
47 silly mapToRegistry   scope: null,
47 silly mapToRegistry   name: 'quickthumb',
47 silly mapToRegistry   rawSpec: '',
47 silly mapToRegistry   spec: 'latest',
47 silly mapToRegistry   type: 'tag' }
48 silly mapToRegistry uri https://registry.npmjs.org/quickthumb
49 verbose addNameRange registry:https://registry.npmjs.org/quickthumb not in flight; fetching
50 verbose get https://registry.npmjs.org/quickthumb not expired, no request
51 silly addNameRange number 2 { name: 'quickthumb', range: '*', hasData: true }
52 silly addNameRange versions [ 'quickthumb',
52 silly addNameRange   [ '0.0.1',
52 silly addNameRange     '0.0.2',
52 silly addNameRange     '0.0.3',
52 silly addNameRange     '0.0.4',
52 silly addNameRange     '0.0.5',
52 silly addNameRange     '0.0.6',
52 silly addNameRange     '0.0.7',
52 silly addNameRange     '0.0.8',
52 silly addNameRange     '0.0.9',
52 silly addNameRange     '0.0.10',
52 silly addNameRange     '0.0.11',
52 silly addNameRange     '0.0.12' ] ]
53 silly addNamed quickthumb@0.0.12
54 verbose addNamed "0.0.12" is a plain semver version for quickthumb
55 silly cache afterAdd quickthumb@0.0.12
56 verbose afterAdd C:\Users\IBM_ADMIN\AppData\Roaming\npm-cache\quickthumb\0.0.12\package\package.json not in flight; writing
57 verbose correctMkdir C:\Users\IBM_ADMIN\AppData\Roaming\npm-cache correctMkdir not in flight; initializing
58 verbose afterAdd C:\Users\IBM_ADMIN\AppData\Roaming\npm-cache\quickthumb\0.0.12\package\package.json written
59 silly fetchNamedPackageData mkdirp
60 silly mapToRegistry name mkdirp
61 silly mapToRegistry using default registry
62 silly mapToRegistry registry https://registry.npmjs.org/
63 silly mapToRegistry data Result {
63 silly mapToRegistry   raw: 'mkdirp',
63 silly mapToRegistry   scope: null,
63 silly mapToRegistry   name: 'mkdirp',
63 silly mapToRegistry   rawSpec: '',
63 silly mapToRegistry   spec: 'latest',
63 silly mapToRegistry   type: 'tag' }
64 silly mapToRegistry uri https://registry.npmjs.org/mkdirp
65 silly fetchOtherPackageData imagemagick@git://github.com/rsms/node-imagemagick.git
66 silly cache add args [ 'imagemagick@git://github.com/rsms/node-imagemagick.git',
66 silly cache add   null ]
67 verbose cache add spec imagemagick@git://github.com/rsms/node-imagemagick.git
68 silly cache add parsed spec Result {
68 silly cache add   raw: 'imagemagick@git://github.com/rsms/node-imagemagick.git',
68 silly cache add   scope: null,
68 silly cache add   name: 'imagemagick',
68 silly cache add   rawSpec: 'git://github.com/rsms/node-imagemagick.git',
68 silly cache add   spec: 'git://github.com/rsms/node-imagemagick.git',
68 silly cache add   type: 'hosted',
68 silly cache add   hosted:
68 silly cache add    { type: 'github',
68 silly cache add      ssh: 'git@github.com:rsms/node-imagemagick.git',
68 silly cache add      sshUrl: 'git+ssh://git@github.com/rsms/node-imagemagick.git',
68 silly cache add      httpsUrl: 'git+https://github.com/rsms/node-imagemagick.git',
68 silly cache add      gitUrl: 'git://github.com/rsms/node-imagemagick.git',
68 silly cache add      shortcut: 'github:rsms/node-imagemagick',
68 silly cache add      directUrl: 'https://raw.githubusercontent.com/rsms/node-imagemagick/master/package.json' } }
69 verbose addRemoteGit caching git://github.com/rsms/node-imagemagick.git
70 verbose addRemoteGit git://github.com/rsms/node-imagemagick.git is a repository hosted by github
71 silly tryClone cloning git://github.com/rsms/node-imagemagick.git via git://github.com/rsms/node-imagemagick.git
72 verbose tryClone git-github-com-rsms-node-imagemagick-git-b0cbcaf0 not in flight; caching
73 verbose correctMkdir C:\Users\IBM_ADMIN\AppData\Roaming\npm-cache\_git-remotes correctMkdir not in flight; initializing
74 verbose request uri https://registry.npmjs.org/mkdirp
75 verbose request no auth needed
76 info attempt registry request try #1 at 1:28:33 PM
77 verbose etag "J3O6HHMQRLZKHHOE1FWFG5Z3"
78 http request GET https://registry.npmjs.org/mkdirp
79 http 304 https://registry.npmjs.org/mkdirp
80 verbose headers { date: 'Tue, 20 Sep 2016 05:28:34 GMT',
80 verbose headers   via: '1.1 varnish',
80 verbose headers   'cache-control': 'max-age=300',
80 verbose headers   etag: '"J3O6HHMQRLZKHHOE1FWFG5Z3"',
80 verbose headers   age: '128',
80 verbose headers   connection: 'keep-alive',
80 verbose headers   'x-served-by': 'cache-sin6922-SIN',
80 verbose headers   'x-cache': 'HIT',
80 verbose headers   'x-cache-hits': '27',
80 verbose headers   'x-timer': 'S1474349314.514059,VS0,VE0',
80 verbose headers   vary: 'Accept-Encoding' }
81 silly get cb [ 304,
81 silly get   { date: 'Tue, 20 Sep 2016 05:28:34 GMT',
81 silly get     via: '1.1 varnish',
81 silly get     'cache-control': 'max-age=300',
81 silly get     etag: '"J3O6HHMQRLZKHHOE1FWFG5Z3"',
81 silly get     age: '128',
81 silly get     connection: 'keep-alive',
81 silly get     'x-served-by': 'cache-sin6922-SIN',
81 silly get     'x-cache': 'HIT',
81 silly get     'x-cache-hits': '27',
81 silly get     'x-timer': 'S1474349314.514059,VS0,VE0',
81 silly get     vary: 'Accept-Encoding' } ]
82 verbose etag https://registry.npmjs.org/mkdirp from cache
83 verbose get saving mkdirp to C:\Users\IBM_ADMIN\AppData\Roaming\npm-cache\registry.npmjs.org\mkdirp\.cache.json
84 verbose correctMkdir C:\Users\IBM_ADMIN\AppData\Roaming\npm-cache correctMkdir not in flight; initializing
85 silly resolveWithNewModule mkdirp@0.3.5 checking installable status
86 silly cache add args [ 'mkdirp@~0.3.3', null ]
87 verbose cache add spec mkdirp@~0.3.3
88 silly cache add parsed spec Result {
88 silly cache add   raw: 'mkdirp@~0.3.3',
88 silly cache add   scope: null,
88 silly cache add   name: 'mkdirp',
88 silly cache add   rawSpec: '~0.3.3',
88 silly cache add   spec: '>=0.3.3 <0.4.0',
88 silly cache add   type: 'range' }
89 silly addNamed mkdirp@>=0.3.3 <0.4.0
90 verbose addNamed ">=0.3.3 <0.4.0" is a valid semver range for mkdirp
91 silly addNameRange { name: 'mkdirp', range: '>=0.3.3 <0.4.0', hasData: false }
92 silly mapToRegistry name mkdirp
93 silly mapToRegistry using default registry
94 silly mapToRegistry registry https://registry.npmjs.org/
95 silly mapToRegistry data Result {
95 silly mapToRegistry   raw: 'mkdirp',
95 silly mapToRegistry   scope: null,
95 silly mapToRegistry   name: 'mkdirp',
95 silly mapToRegistry   rawSpec: '',
95 silly mapToRegistry   spec: 'latest',
95 silly mapToRegistry   type: 'tag' }
96 silly mapToRegistry uri https://registry.npmjs.org/mkdirp
97 verbose addNameRange registry:https://registry.npmjs.org/mkdirp not in flight; fetching
98 verbose get https://registry.npmjs.org/mkdirp not expired, no request
99 silly addNameRange number 2 { name: 'mkdirp', range: '>=0.3.3 <0.4.0', hasData: true }
100 silly addNameRange versions [ 'mkdirp',
100 silly addNameRange   [ '0.0.1',
100 silly addNameRange     '0.0.2',
100 silly addNameRange     '0.0.3',
100 silly addNameRange     '0.0.4',
100 silly addNameRange     '0.0.5',
100 silly addNameRange     '0.0.6',
100 silly addNameRange     '0.0.7',
100 silly addNameRange     '0.1.0',
100 silly addNameRange     '0.2.0',
100 silly addNameRange     '0.2.1',
100 silly addNameRange     '0.2.2',
100 silly addNameRange     '0.3.0',
100 silly addNameRange     '0.3.1',
100 silly addNameRange     '0.3.2',
100 silly addNameRange     '0.3.3',
100 silly addNameRange     '0.3.4',
100 silly addNameRange     '0.3.5',
100 silly addNameRange     '0.4.0',
100 silly addNameRange     '0.4.1',
100 silly addNameRange     '0.4.2',
100 silly addNameRange     '0.5.0',
100 silly addNameRange     '0.5.1' ] ]
101 silly addNamed mkdirp@0.3.5
102 verbose addNamed "0.3.5" is a plain semver version for mkdirp
103 silly cache afterAdd mkdirp@0.3.5
104 verbose afterAdd C:\Users\IBM_ADMIN\AppData\Roaming\npm-cache\mkdirp\0.3.5\package\package.json not in flight; writing
105 verbose correctMkdir C:\Users\IBM_ADMIN\AppData\Roaming\npm-cache correctMkdir not in flight; initializing
106 verbose afterAdd C:\Users\IBM_ADMIN\AppData\Roaming\npm-cache\mkdirp\0.3.5\package\package.json written
107 info git [ 'config', '--get', 'remote.origin.url' ]
108 warn addRemoteGit Error: Command failed: git -c core.longpaths=true config --get remote.origin.url
108 warn addRemoteGit
108 warn addRemoteGit     at ChildProcess.exithandler (child_process.js:213:12)
108 warn addRemoteGit     at emitTwo (events.js:87:13)
108 warn addRemoteGit     at ChildProcess.emit (events.js:172:7)
108 warn addRemoteGit     at maybeClose (internal/child_process.js:827:16)
108 warn addRemoteGit     at Socket.<anonymous> (internal/child_process.js:319:11)
108 warn addRemoteGit     at emitOne (events.js:77:13)
108 warn addRemoteGit     at Socket.emit (events.js:169:7)
108 warn addRemoteGit     at Pipe._onclose (net.js:477:12)
108 warn addRemoteGit  git://github.com/rsms/node-imagemagick.git resetting remote C:\Users\IBM_ADMIN\AppData\Roaming\npm-cache\_git-remotes\git-github-com-rsms-node-imagemagick-git-b0cbcaf0 because of error: { [Error: Command failed: git -c core.longpaths=true config --get remote.origin.url
108 warn addRemoteGit ]
108 warn addRemoteGit   killed: false,
108 warn addRemoteGit   code: 1,
108 warn addRemoteGit   signal: null,
108 warn addRemoteGit   cmd: 'git -c core.longpaths=true config --get remote.origin.url' }
109 info resetRemote resetting C:\Users\IBM_ADMIN\AppData\Roaming\npm-cache\_git-remotes\git-github-com-rsms-node-imagemagick-git-b0cbcaf0 for git://github.com/rsms/node-imagemagick.git
110 silly gentlyRm C:\Users\IBM_ADMIN\AppData\Roaming\npm-cache\_git-remotes\git-github-com-rsms-node-imagemagick-git-b0cbcaf0 is being purged
111 verbose gentlyRm don't care about contents; nuking C:\Users\IBM_ADMIN\AppData\Roaming\npm-cache\_git-remotes\git-github-com-rsms-node-imagemagick-git-b0cbcaf0
112 silly vacuum-fs purging C:\Users\IBM_ADMIN\AppData\Roaming\npm-cache\_git-remotes\git-github-com-rsms-node-imagemagick-git-b0cbcaf0
113 silly vacuum-fs quitting because other entries in C:\Users\IBM_ADMIN\AppData\Roaming\npm-cache\_git-remotes
114 info git [ 'clone',
114 info git   '--template=C:\\Users\\IBM_ADMIN\\AppData\\Roaming\\npm-cache\\_git-remotes\\_templates',
114 info git   '--mirror',
114 info git   'git://github.com/rsms/node-imagemagick.git',
114 info git   'C:\\Users\\IBM_ADMIN\\AppData\\Roaming\\npm-cache\\_git-remotes\\git-github-com-rsms-node-imagemagick-git-b0cbcaf0' ]
115 error git clone --template=C:\Users\IBM_ADMIN\AppData\Roaming\npm-cache\_git-remotes\_templates --mirror git://github.com/rsms/node-imagemagick.git C:\Users\IBM_ADMIN\AppData\Roaming\npm-cache\_git-remotes\git-github-com-rsms-node-imagemagick-git-b0cbcaf0: Cloning into bare repository 'C:\Users\IBM_ADMIN\AppData\Roaming\npm-cache\_git-remotes\git-github-com-rsms-node-imagemagick-git-b0cbcaf0'...
115 error git clone --template=C:\Users\IBM_ADMIN\AppData\Roaming\npm-cache\_git-remotes\_templates --mirror git://github.com/rsms/node-imagemagick.git C:\Users\IBM_ADMIN\AppData\Roaming\npm-cache\_git-remotes\git-github-com-rsms-node-imagemagick-git-b0cbcaf0: fatal: unable to connect to github.com:
115 error git clone --template=C:\Users\IBM_ADMIN\AppData\Roaming\npm-cache\_git-remotes\_templates --mirror git://github.com/rsms/node-imagemagick.git C:\Users\IBM_ADMIN\AppData\Roaming\npm-cache\_git-remotes\git-github-com-rsms-node-imagemagick-git-b0cbcaf0: github.com[0: 192.30.253.112]: errno=No error
116 silly fetchPackageMetaData Error: Command failed: git -c core.longpaths=true clone --template=C:\Users\IBM_ADMIN\AppData\Roaming\npm-cache\_git-remotes\_templates --mirror git://github.com/rsms/node-imagemagick.git C:\Users\IBM_ADMIN\AppData\Roaming\npm-cache\_git-remotes\git-github-com-rsms-node-imagemagick-git-b0cbcaf0
116 silly fetchPackageMetaData Cloning into bare repository 'C:\Users\IBM_ADMIN\AppData\Roaming\npm-cache\_git-remotes\git-github-com-rsms-node-imagemagick-git-b0cbcaf0'...
116 silly fetchPackageMetaData fatal: unable to connect to github.com:
116 silly fetchPackageMetaData github.com[0: 192.30.253.112]: errno=No error
116 silly fetchPackageMetaData
116 silly fetchPackageMetaData
116 silly fetchPackageMetaData     at ChildProcess.exithandler (child_process.js:213:12)
116 silly fetchPackageMetaData     at emitTwo (events.js:87:13)
116 silly fetchPackageMetaData     at ChildProcess.emit (events.js:172:7)
116 silly fetchPackageMetaData     at maybeClose (internal/child_process.js:827:16)
116 silly fetchPackageMetaData     at Process.ChildProcess._handle.onexit (internal/child_process.js:211:5)
116 silly fetchPackageMetaData  error for imagemagick@git://github.com/rsms/node-imagemagick.git { [Error: Command failed: git -c core.longpaths=true clone --template=C:\Users\IBM_ADMIN\AppData\Roaming\npm-cache\_git-remotes\_templates --mirror git://github.com/rsms/node-imagemagick.git C:\Users\IBM_ADMIN\AppData\Roaming\npm-cache\_git-remotes\git-github-com-rsms-node-imagemagick-git-b0cbcaf0
116 silly fetchPackageMetaData Cloning into bare repository 'C:\Users\IBM_ADMIN\AppData\Roaming\npm-cache\_git-remotes\git-github-com-rsms-node-imagemagick-git-b0cbcaf0'...
116 silly fetchPackageMetaData fatal: unable to connect to github.com:
116 silly fetchPackageMetaData github.com[0: 192.30.253.112]: errno=No error
116 silly fetchPackageMetaData
116 silly fetchPackageMetaData ]
116 silly fetchPackageMetaData   killed: false,
116 silly fetchPackageMetaData   code: 128,
116 silly fetchPackageMetaData   signal: null,
116 silly fetchPackageMetaData   cmd: 'git -c core.longpaths=true clone --template=C:\\Users\\IBM_ADMIN\\AppData\\Roaming\\npm-cache\\_git-remotes\\_templates --mirror git://github.com/rsms/node-imagemagick.git C:\\Users\\IBM_ADMIN\\AppData\\Roaming\\npm-cache\\_git-remotes\\git-github-com-rsms-node-imagemagick-git-b0cbcaf0' }
117 silly rollbackFailedOptional Starting
118 silly rollbackFailedOptional Finishing
119 silly runTopLevelLifecycles Starting
120 silly runTopLevelLifecycles Finishing
121 silly install printInstalled
122 verbose stack Error: Command failed: git -c core.longpaths=true clone --template=C:\Users\IBM_ADMIN\AppData\Roaming\npm-cache\_git-remotes\_templates --mirror git://github.com/rsms/node-imagemagick.git C:\Users\IBM_ADMIN\AppData\Roaming\npm-cache\_git-remotes\git-github-com-rsms-node-imagemagick-git-b0cbcaf0
122 verbose stack Cloning into bare repository 'C:\Users\IBM_ADMIN\AppData\Roaming\npm-cache\_git-remotes\git-github-com-rsms-node-imagemagick-git-b0cbcaf0'...
122 verbose stack fatal: unable to connect to github.com:
122 verbose stack github.com[0: 192.30.253.112]: errno=No error
122 verbose stack
122 verbose stack
122 verbose stack     at ChildProcess.exithandler (child_process.js:213:12)
122 verbose stack     at emitTwo (events.js:87:13)
122 verbose stack     at ChildProcess.emit (events.js:172:7)
122 verbose stack     at maybeClose (internal/child_process.js:827:16)
122 verbose stack     at Process.ChildProcess._handle.onexit (internal/child_process.js:211:5)
123 verbose cwd C:\IBM2016\production\gitProductionApps\watson-imageanalysis
124 error Windows_NT 6.1.7601
125 error argv "C:\\Program Files\\nodejs\\node.exe" "C:\\Users\\IBM_ADMIN\\AppData\\Roaming\\npm\\node_modules\\npm\\bin\\npm-cli.js" "i"
126 error node v4.4.5
127 error npm  v3.9.2
128 error code 128
129 error Command failed: git -c core.longpaths=true clone --template=C:\Users\IBM_ADMIN\AppData\Roaming\npm-cache\_git-remotes\_templates --mirror git://github.com/rsms/node-imagemagick.git C:\Users\IBM_ADMIN\AppData\Roaming\npm-cache\_git-remotes\git-github-com-rsms-node-imagemagick-git-b0cbcaf0
129 error Cloning into bare repository 'C:\Users\IBM_ADMIN\AppData\Roaming\npm-cache\_git-remotes\git-github-com-rsms-node-imagemagick-git-b0cbcaf0'...
129 error fatal: unable to connect to github.com:
129 error github.com[0: 192.30.253.112]: errno=No error
130 error If you need help, you may report this error at:
130 error     <https://github.com/npm/npm/issues>
131 verbose exit [ 1, true ]
